<?xml version="1.0" encoding="UTF-8"?>
<!-- Generated by org.testng.reporters.JUnitReportReporter -->
<testsuite skipped="0" hostname="DESKTOP-SQDCUHU" name="dressTestNG.SignIn" tests="2" failures="0" timestamp="07 Aug 2019 00:59:50 GMT" time="50.341" errors="0">
  <testcase name="sigIn" time="27.386" classname="dressTestNG.SignIn"/>
  <testcase name="sigIn" time="22.955" classname="dressTestNG.SignIn"/>
</testsuite> <!-- dressTestNG.SignIn -->
