<?xml version="1.0" encoding="UTF-8"?>
<!-- Generated by org.testng.reporters.JUnitReportReporter -->
<testsuite skipped="0" hostname="DESKTOP-SQDCUHU" name="dressTestNG.FirstDress" tests="2" failures="0" timestamp="07 Aug 2019 00:59:50 GMT" time="13.627" errors="0">
  <testcase name="firstDr" time="6.710" classname="dressTestNG.FirstDress"/>
  <testcase name="firstDr" time="6.917" classname="dressTestNG.FirstDress"/>
</testsuite> <!-- dressTestNG.FirstDress -->
