<?xml version="1.0" encoding="UTF-8"?>
<!-- Generated by org.testng.reporters.JUnitReportReporter -->
<testsuite skipped="0" hostname="DESKTOP-SQDCUHU" name="dressTestNG.ContactUs" tests="2" failures="0" timestamp="07 Aug 2019 00:59:50 GMT" time="15.421" errors="0">
  <testcase name="contcUs" time="6.333" classname="dressTestNG.ContactUs"/>
  <testcase name="contcUs" time="9.088" classname="dressTestNG.ContactUs"/>
</testsuite> <!-- dressTestNG.ContactUs -->
