<?xml version="1.0" encoding="UTF-8"?>
<!-- Generated by org.testng.reporters.JUnitReportReporter -->
<testsuite skipped="0" hostname="DESKTOP-SQDCUHU" name="dressTestNG.SecondDress" tests="2" failures="0" timestamp="07 Aug 2019 00:59:50 GMT" time="8.960" errors="0">
  <testcase name="secondDr" time="4.636" classname="dressTestNG.SecondDress"/>
  <testcase name="secondDr" time="4.324" classname="dressTestNG.SecondDress"/>
</testsuite> <!-- dressTestNG.SecondDress -->
