<?xml version="1.0" encoding="UTF-8"?>
<!-- Generated by org.testng.reporters.JUnitReportReporter -->
<testsuite skipped="0" hostname="DESKTOP-SQDCUHU" name="dressTestNG.ChromeDriver" tests="2" failures="0" timestamp="06 Aug 2019 22:40:00 GMT" time="6.744" errors="0">
  <testcase name="dresstab" time="3.417" classname="dressTestNG.ChromeDriver"/>
  <testcase name="dresstab" time="3.327" classname="dressTestNG.ChromeDriver"/>
</testsuite> <!-- dressTestNG.ChromeDriver -->
