<?xml version="1.0" encoding="UTF-8"?>
<!-- Generated by org.testng.reporters.JUnitReportReporter -->
<testsuite skipped="0" hostname="DESKTOP-SQDCUHU" name="dressTestNG.ChiffonDress" tests="2" failures="0" timestamp="07 Aug 2019 00:59:50 GMT" time="47.999" errors="0">
  <testcase name="chiffonDr" time="24.437" classname="dressTestNG.ChiffonDress"/>
  <testcase name="chiffonDr" time="23.562" classname="dressTestNG.ChiffonDress"/>
</testsuite> <!-- dressTestNG.ChiffonDress -->
