<?xml version="1.0" encoding="UTF-8"?>
<!-- Generated by org.testng.reporters.JUnitReportReporter -->
<testsuite skipped="0" hostname="DESKTOP-SQDCUHU" name="dressTestNG.FourthDress" tests="2" failures="0" timestamp="07 Aug 2019 00:59:50 GMT" time="71.748" errors="0">
  <testcase name="fourthDr" time="35.931" classname="dressTestNG.FourthDress"/>
  <testcase name="fourthDr" time="35.817" classname="dressTestNG.FourthDress"/>
</testsuite> <!-- dressTestNG.FourthDress -->
