<?xml version="1.0" encoding="UTF-8"?>
<!-- Generated by org.testng.reporters.JUnitReportReporter -->
<testsuite skipped="0" hostname="DESKTOP-SQDCUHU" name="dressTestNG.ThirdDress" tests="2" failures="0" timestamp="07 Aug 2019 00:59:50 GMT" time="36.768" errors="0">
  <testcase name="thirdDr" time="18.715" classname="dressTestNG.ThirdDress"/>
  <testcase name="thirdDr" time="18.053" classname="dressTestNG.ThirdDress"/>
</testsuite> <!-- dressTestNG.ThirdDress -->
