<?xml version="1.0" encoding="UTF-8"?>
<!-- Generated by org.testng.reporters.JUnitReportReporter -->
<testsuite skipped="0" hostname="DESKTOP-SQDCUHU" name="dressTestNG.CloseBrowser" tests="2" failures="0" timestamp="07 Aug 2019 00:59:50 GMT" time="3.578" errors="0">
  <testcase name="closeBrws" time="2.668" classname="dressTestNG.CloseBrowser"/>
  <testcase name="closeBrws" time="0.910" classname="dressTestNG.CloseBrowser"/>
</testsuite> <!-- dressTestNG.CloseBrowser -->
