<?xml version="1.0" encoding="UTF-8"?>
<!-- Generated by org.testng.reporters.JUnitReportReporter -->
<testsuite skipped="0" hostname="DESKTOP-SQDCUHU" name="dressTestNG.DressesTab" tests="2" failures="0" timestamp="07 Aug 2019 00:59:50 GMT" time="7.194" errors="0">
  <testcase name="dresstab" time="3.573" classname="dressTestNG.DressesTab"/>
  <testcase name="dresstab" time="3.621" classname="dressTestNG.DressesTab"/>
</testsuite> <!-- dressTestNG.DressesTab -->
