<?xml version="1.0" encoding="UTF-8"?>
<!-- Generated by org.testng.reporters.JUnitReportReporter -->
<testsuite skipped="0" hostname="DESKTOP-SQDCUHU" name="dressTestNG.MainDress" tests="2" failures="0" timestamp="07 Aug 2019 00:59:50 GMT" time="17.052" errors="0">
  <testcase name="Open_Browser_Testcase1" time="8.487" classname="dressTestNG.MainDress"/>
  <testcase name="Open_Browser_Testcase1" time="8.565" classname="dressTestNG.MainDress"/>
</testsuite> <!-- dressTestNG.MainDress -->
